Using pre-set license
Built from '2021.3/staging' branch; Version is '2021.3.29f1 (204d6dc9ae1c) revision 2116973'; Using compiler version '192829333'; Build Type 'Release'
OS: 'Windows 11  (10.0.22621) 64bit Education' Language: 'es' Physical Memory: 8131 MB
BatchMode: 1, IsHumanControllingUs: 0, StartBugReporterOnCrash: 0, Is64bit: 1, IsPro: 1

COMMAND LINE ARGUMENTS:
C:\Program Files\Unity\Hub\Editor\2021.3.29f1\Editor\Unity.exe
-adb2
-batchMode
-noUpm
-name
AssetImportWorker1
-projectPath
C:/Users/Usuario/My project (1)
-logFile
Logs/AssetImportWorker1.log
-srvPort
63276
Successfully changed project path to: C:/Users/Usuario/My project (1)
C:/Users/Usuario/My project (1)
[UnityMemory] Configuration Parameters - Can be set up in boot.config
    "memorysetup-bucket-allocator-granularity=16"
    "memorysetup-bucket-allocator-bucket-count=8"
    "memorysetup-bucket-allocator-block-size=33554432"
    "memorysetup-bucket-allocator-block-count=8"
    "memorysetup-main-allocator-block-size=16777216"
    "memorysetup-thread-allocator-block-size=16777216"
    "memorysetup-gfx-main-allocator-block-size=16777216"
    "memorysetup-gfx-thread-allocator-block-size=16777216"
    "memorysetup-cache-allocator-block-size=4194304"
    "memorysetup-typetree-allocator-block-size=2097152"
    "memorysetup-profiler-bucket-allocator-granularity=16"
    "memorysetup-profiler-bucket-allocator-bucket-count=8"
    "memorysetup-profiler-bucket-allocator-block-size=33554432"
    "memorysetup-profiler-bucket-allocator-block-count=8"
    "memorysetup-profiler-allocator-block-size=16777216"
    "memorysetup-profiler-editor-allocator-block-size=1048576"
    "memorysetup-temp-allocator-size-main=16777216"
    "memorysetup-job-temp-allocator-block-size=2097152"
    "memorysetup-job-temp-allocator-block-size-background=1048576"
    "memorysetup-job-temp-allocator-reduction-small-platforms=262144"
    "memorysetup-temp-allocator-size-background-worker=32768"
    "memorysetup-temp-allocator-size-job-worker=262144"
    "memorysetup-temp-allocator-size-preload-manager=33554432"
    "memorysetup-temp-allocator-size-nav-mesh-worker=65536"
    "memorysetup-temp-allocator-size-audio-worker=65536"
    "memorysetup-temp-allocator-size-cloud-worker=32768"
    "memorysetup-temp-allocator-size-gi-baking-worker=262144"
    "memorysetup-temp-allocator-size-gfx=262144"
Player connection [544] Host "[IP] 192.168.1.10 [Port] 0 [Flags] 2 [Guid] 668943140 [EditorId] 668943140 [Version] 1048832 [Id] WindowsEditor(7,DESKTOP-8QVCJ88) [Debug] 1 [PackageName] WindowsEditor [ProjectName] Editor" joined multi-casting on [225.0.0.222:54997]...

Player connection [544] Host "[IP] 192.168.1.10 [Port] 0 [Flags] 2 [Guid] 668943140 [EditorId] 668943140 [Version] 1048832 [Id] WindowsEditor(7,DESKTOP-8QVCJ88) [Debug] 1 [PackageName] WindowsEditor [ProjectName] Editor" joined alternative multi-casting on [225.0.0.222:34997]...

Refreshing native plugins compatible for Editor in 82.68 ms, found 3 plugins.
Preloading 0 native plugins for Editor in 0.00 ms.
Initialize engine version: 2021.3.29f1 (204d6dc9ae1c)
[Subsystems] Discovering subsystems at path C:/Program Files/Unity/Hub/Editor/2021.3.29f1/Editor/Data/Resources/UnitySubsystems
[Subsystems] Discovering subsystems at path C:/Users/Usuario/My project (1)/Assets
GfxDevice: creating device client; threaded=0; jobified=0
Direct3D:
    Version:  Direct3D 11.0 [level 11.1]
    Renderer: Radeon RX 5500 XT (ID=0x7340)
    Vendor:   ATI
    VRAM:     8151 MB
    Driver:   31.0.12027.9001
Initialize mono
Mono path[0] = 'C:/Program Files/Unity/Hub/Editor/2021.3.29f1/Editor/Data/Managed'
Mono path[1] = 'C:/Program Files/Unity/Hub/Editor/2021.3.29f1/Editor/Data/MonoBleedingEdge/lib/mono/unityjit-win32'
Mono config path = 'C:/Program Files/Unity/Hub/Editor/2021.3.29f1/Editor/Data/MonoBleedingEdge/etc'
Using monoOptions --debugger-agent=transport=dt_socket,embedding=1,server=y,suspend=n,address=127.0.0.1:56564
Begin MonoManager ReloadAssembly
Registering precompiled unity dll's ...
Register platform support module: C:/Program Files/Unity/Hub/Editor/2021.3.29f1/Editor/Data/PlaybackEngines/WindowsStandaloneSupport/UnityEditor.WindowsStandalone.Extensions.dll
Registered in 0.007011 seconds.
Native extension for WindowsStandalone target not found
Refreshing native plugins compatible for Editor in 77.79 ms, found 3 plugins.
Preloading 0 native plugins for Editor in 0.00 ms.
Mono: successfully reloaded assembly
- Completed reload, in  0.635 seconds
Domain Reload Profiling:
	ReloadAssembly (636ms)
		BeginReloadAssembly (89ms)
			ExecutionOrderSort (0ms)
			DisableScriptedObjects (0ms)
			BackupInstance (0ms)
			ReleaseScriptingObjects (0ms)
			CreateAndSetChildDomain (1ms)
		EndReloadAssembly (439ms)
			LoadAssemblies (86ms)
			RebuildTransferFunctionScriptingTraits (0ms)
			SetupTypeCache (106ms)
			ReleaseScriptCaches (0ms)
			RebuildScriptCaches (31ms)
			SetupLoadedEditorAssemblies (252ms)
				LogAssemblyErrors (0ms)
				InitializePlatformSupportModulesInManaged (8ms)
				SetLoadedEditorAssemblies (0ms)
				RefreshPlugins (78ms)
				BeforeProcessingInitializeOnLoad (1ms)
				ProcessInitializeOnLoadAttributes (118ms)
				ProcessInitializeOnLoadMethodAttributes (47ms)
				AfterProcessingInitializeOnLoad (0ms)
				EditorAssembliesLoaded (0ms)
			ExecutionOrderSort2 (0ms)
			AwakeInstancesAfterBackupRestoration (0ms)
Platform modules already initialized, skipping
Registering precompiled user dll's ...
Registered in 0.006348 seconds.
Begin MonoManager ReloadAssembly
Symbol file LoadedFromMemory doesn't match image C:\Users\Usuario\My project (1)\Library\PackageCache\com.unity.visualscripting@1.8.0\Editor\VisualScripting.Core\Dependencies\YamlDotNet\Unity.VisualScripting.YamlDotNet.dll
Symbol file LoadedFromMemory doesn't match image C:\Users\Usuario\My project (1)\Library\PackageCache\com.unity.visualscripting@1.8.0\Editor\VisualScripting.Core\Dependencies\DotNetZip\Unity.VisualScripting.IonicZip.dll
Native extension for WindowsStandalone target not found
Refreshing native plugins compatible for Editor in 0.61 ms, found 3 plugins.
Preloading 0 native plugins for Editor in 0.00 ms.
Mono: successfully reloaded assembly
- Completed reload, in  0.978 seconds
Domain Reload Profiling:
	ReloadAssembly (978ms)
		BeginReloadAssembly (123ms)
			ExecutionOrderSort (0ms)
			DisableScriptedObjects (6ms)
			BackupInstance (0ms)
			ReleaseScriptingObjects (0ms)
			CreateAndSetChildDomain (19ms)
		EndReloadAssembly (751ms)
			LoadAssemblies (90ms)
			RebuildTransferFunctionScriptingTraits (0ms)
			SetupTypeCache (260ms)
			ReleaseScriptCaches (1ms)
			RebuildScriptCaches (51ms)
			SetupLoadedEditorAssemblies (328ms)
				LogAssemblyErrors (0ms)
				InitializePlatformSupportModulesInManaged (5ms)
				SetLoadedEditorAssemblies (1ms)
				RefreshPlugins (1ms)
				BeforeProcessingInitializeOnLoad (87ms)
				ProcessInitializeOnLoadAttributes (207ms)
				ProcessInitializeOnLoadMethodAttributes (19ms)
				AfterProcessingInitializeOnLoad (8ms)
				EditorAssembliesLoaded (0ms)
			ExecutionOrderSort2 (0ms)
			AwakeInstancesAfterBackupRestoration (6ms)
Platform modules already initialized, skipping
========================================================================
Worker process is ready to serve import requests
Launched and connected shader compiler UnityShaderCompiler.exe after 0.06 seconds
Refreshing native plugins compatible for Editor in 0.63 ms, found 3 plugins.
Preloading 0 native plugins for Editor in 0.00 ms.
Unloading 3102 Unused Serialized files (Serialized files now loaded: 0)
Unloading 22 unused Assets / (46.3 KB). Loaded Objects now: 3565.
Memory consumption went from 109.8 MB to 109.8 MB.
Total: 3.607400 ms (FindLiveObjects: 0.554800 ms CreateObjectMapping: 0.095500 ms MarkObjects: 2.856300 ms  DeleteObjects: 0.099600 ms)

AssetImportParameters requested are different than current active one (requested -> active):
  custom:video-decoder-ogg-theora: a1e56fd34408186e4bbccfd4996cb3dc -> 
  custom:container-muxer-webm: aa71ff27fc2769a1b78a27578f13a17b -> 
  custom:container-demuxer-webm: 4f35f7cbe854078d1ac9338744f61a02 -> 
  custom:video-encoder-webm-vp8: eb34c28f22e8b96e1ab97ce403110664 -> 
  custom:CustomObjectIndexerAttribute: bc11b3a6c3213fcdd17b65e7da85e133 -> 
  custom:audio-encoder-webm-vorbis: bf7c407c2cedff20999df2af8eb42d56 -> 
  custom:framework-win-MediaFoundation: 216162199b28c13a410421893ffa2e32 -> 
  custom:container-demuxer-ogg: 62fdf1f143b41e24485cea50d1cbac27 -> 
  custom:video-decoder-webm-vp8: 9c59270c3fd7afecdb556c50c9e8de78 -> 
  custom:audio-decoder-ogg-vorbis: bf7c407c2cedff20999df2af8eb42d56 -> 
========================================================================
Received Prepare
Registering precompiled user dll's ...
Registered in 0.005533 seconds.
Begin MonoManager ReloadAssembly
Symbol file LoadedFromMemory doesn't match image C:\Users\Usuario\My project (1)\Library\PackageCache\com.unity.visualscripting@1.8.0\Editor\VisualScripting.Core\Dependencies\YamlDotNet\Unity.VisualScripting.YamlDotNet.dll
Symbol file LoadedFromMemory doesn't match image C:\Users\Usuario\My project (1)\Library\PackageCache\com.unity.visualscripting@1.8.0\Editor\VisualScripting.Core\Dependencies\DotNetZip\Unity.VisualScripting.IonicZip.dll
Native extension for WindowsStandalone target not found
Refreshing native plugins compatible for Editor in 0.69 ms, found 3 plugins.
Preloading 0 native plugins for Editor in 0.00 ms.
[ScriptCompilation] NOT recompiling all scripts because this is an import worker process. Reason to compile was: Define symbols changed
System.ArgumentException: There is no a valid NamedBuildTarget for BuildTargetGroup 'PSM'
  at UnityEditor.Build.NamedBuildTarget.FromBuildTargetGroup (UnityEditor.BuildTargetGroup buildTargetGroup) [0x0014e] in <1e8c82ffe64a4e1d8e997fa7e5933f70>:0 
  at UnityEditor.PlayerSettings.GetScriptingDefineSymbolsForGroup (UnityEditor.BuildTargetGroup targetGroup) [0x00000] in <1e8c82ffe64a4e1d8e997fa7e5933f70>:0 
  at UnityStandardAssets.CrossPlatformInput.Inspector.CrossPlatformInitialize.GetDefinesList (UnityEditor.BuildTargetGroup group) [0x00000] in C:\Users\Usuario\My project (1)\Assets\Standard Assets\Editor\CrossPlatformInput\CrossPlatformInputInitialize.cs:135 
  at UnityStandardAssets.CrossPlatformInput.Inspector.CrossPlatformInitialize.SetEnabled (System.String defineName, System.Boolean enable, System.Boolean mobile) [0x00018] in C:\Users\Usuario\My project (1)\Assets\Standard Assets\Editor\CrossPlatformInput\CrossPlatformInputInitialize.cs:107 
  at UnityStandardAssets.CrossPlatformInput.Inspector.CrossPlatformInitialize..cctor () [0x00050] in C:\Users\Usuario\My project (1)\Assets\Standard Assets\Editor\CrossPlatformInput\CrossPlatformInputInitialize.cs:22 
UnityEngine.StackTraceUtility:ExtractStackTrace ()
UnityEngine.DebugLogHandler:LogFormat (UnityEngine.LogType,UnityEngine.Object,string,object[])
UnityEngine.Logger:Log (UnityEngine.LogType,object)
UnityEngine.Debug:LogError (object)
UnityEditor.EditorAssemblies:ProcessInitializeOnLoadAttributes (System.Type[])

Mono: successfully reloaded assembly
- Completed reload, in  1.048 seconds
Domain Reload Profiling:
	ReloadAssembly (1049ms)
		BeginReloadAssembly (180ms)
			ExecutionOrderSort (0ms)
			DisableScriptedObjects (6ms)
			BackupInstance (0ms)
			ReleaseScriptingObjects (0ms)
			CreateAndSetChildDomain (44ms)
		EndReloadAssembly (735ms)
			LoadAssemblies (117ms)
			RebuildTransferFunctionScriptingTraits (0ms)
			SetupTypeCache (274ms)
			ReleaseScriptCaches (1ms)
			RebuildScriptCaches (42ms)
			SetupLoadedEditorAssemblies (291ms)
				LogAssemblyErrors (0ms)
				InitializePlatformSupportModulesInManaged (6ms)
				SetLoadedEditorAssemblies (0ms)
				RefreshPlugins (1ms)
				BeforeProcessingInitializeOnLoad (59ms)
				ProcessInitializeOnLoadAttributes (194ms)
				ProcessInitializeOnLoadMethodAttributes (21ms)
				AfterProcessingInitializeOnLoad (8ms)
				EditorAssembliesLoaded (0ms)
			ExecutionOrderSort2 (0ms)
			AwakeInstancesAfterBackupRestoration (7ms)
Platform modules already initialized, skipping
Refreshing native plugins compatible for Editor in 1.70 ms, found 3 plugins.
Preloading 0 native plugins for Editor in 0.00 ms.
Unloading 3092 Unused Serialized files (Serialized files now loaded: 0)
Unloading 15 unused Assets / (21.9 KB). Loaded Objects now: 3568.
Memory consumption went from 109.4 MB to 109.4 MB.
Total: 2.820600 ms (FindLiveObjects: 0.326300 ms CreateObjectMapping: 0.083300 ms MarkObjects: 2.389200 ms  DeleteObjects: 0.020700 ms)

AssetImportParameters requested are different than current active one (requested -> active):
  custom:video-decoder-ogg-theora: a1e56fd34408186e4bbccfd4996cb3dc -> 
  custom:container-muxer-webm: aa71ff27fc2769a1b78a27578f13a17b -> 
  custom:container-demuxer-webm: 4f35f7cbe854078d1ac9338744f61a02 -> 
  custom:video-encoder-webm-vp8: eb34c28f22e8b96e1ab97ce403110664 -> 
  custom:CustomObjectIndexerAttribute: bc11b3a6c3213fcdd17b65e7da85e133 -> 
  custom:audio-encoder-webm-vorbis: bf7c407c2cedff20999df2af8eb42d56 -> 
  custom:framework-win-MediaFoundation: 216162199b28c13a410421893ffa2e32 -> 
  custom:container-demuxer-ogg: 62fdf1f143b41e24485cea50d1cbac27 -> 
  custom:video-decoder-webm-vp8: 9c59270c3fd7afecdb556c50c9e8de78 -> 
  custom:audio-decoder-ogg-vorbis: bf7c407c2cedff20999df2af8eb42d56 -> 
========================================================================
Received Import Request.
  Time since last request: 84804.983431 seconds.
  path: Assets/MoveMotionPack/Res/AnimationFBX/Root/Basic_Run_01_Root.FBX
  artifactKey: Guid(6c78c4668708c614582208eb3b20b95f) Importer(815301076,1909f56bfc062723c751e8b465ee728b)
Start importing Assets/MoveMotionPack/Res/AnimationFBX/Root/Basic_Run_01_Root.FBX using Guid(6c78c4668708c614582208eb3b20b95f) Importer(815301076,1909f56bfc062723c751e8b465ee728b)  -> (artifact id: '7f86009eb6bc35f47b25bc2bb5d720c9') in 0.522381 seconds 
========================================================================
Received Import Request.
  Time since last request: 0.000051 seconds.
  path: Assets/MoveMotionPack/Res/AnimationFBX/Free_Walk/Basic_Run_03.FBX
  artifactKey: Guid(e4a00a4129fdc404faf634c619700370) Importer(815301076,1909f56bfc062723c751e8b465ee728b)
Start importing Assets/MoveMotionPack/Res/AnimationFBX/Free_Walk/Basic_Run_03.FBX using Guid(e4a00a4129fdc404faf634c619700370) Importer(815301076,1909f56bfc062723c751e8b465ee728b)  -> (artifact id: '7b2fb78ec290bc2dc89dfefe5683acd6') in 0.179863 seconds 
========================================================================
Received Import Request.
  Time since last request: 0.000044 seconds.
  path: Assets/MoveMotionPack/Res/AnimationFBX/Free_Walk/Materials/No Name.mat
  artifactKey: Guid(411734dcc1b6233418d55e2b6ead4105) Importer(815301076,1909f56bfc062723c751e8b465ee728b)
Start importing Assets/MoveMotionPack/Res/AnimationFBX/Free_Walk/Materials/No Name.mat using Guid(411734dcc1b6233418d55e2b6ead4105) Importer(815301076,1909f56bfc062723c751e8b465ee728b)  -> (artifact id: '517c990c5ba9fd970f9537300880bd81') in 0.034271 seconds 
========================================================================
Received Import Request.
  Time since last request: 0.000022 seconds.
  path: Assets/MoveMotionPack/Res/AnimationFBX/Root/Etc_Walk_Zombi_01.FBX
  artifactKey: Guid(297644808deb33f4ba506a5260d03669) Importer(815301076,1909f56bfc062723c751e8b465ee728b)
Start importing Assets/MoveMotionPack/Res/AnimationFBX/Root/Etc_Walk_Zombi_01.FBX using Guid(297644808deb33f4ba506a5260d03669) Importer(815301076,1909f56bfc062723c751e8b465ee728b)  -> (artifact id: 'f903642b1bc27be192edb1d05f401709') in 0.083166 seconds 
========================================================================
Received Import Request.
  Time since last request: 0.000020 seconds.
  path: Assets/MoveMotionPack/Res/AnimationFBX/Root/Materials/04 - Default.mat
  artifactKey: Guid(8c4149c51ef85594c98caac6c3b51d03) Importer(815301076,1909f56bfc062723c751e8b465ee728b)
Start importing Assets/MoveMotionPack/Res/AnimationFBX/Root/Materials/04 - Default.mat using Guid(8c4149c51ef85594c98caac6c3b51d03) Importer(815301076,1909f56bfc062723c751e8b465ee728b)  -> (artifact id: 'c2aa174b7be16a9ebc79ee1b333bc4af') in 0.013761 seconds 
========================================================================
Received Import Request.
  Time since last request: 0.000024 seconds.
  path: Assets/MoveMotionPack/Res/AnimationFBX/Root/Materials/癒몃━.mat
  artifactKey: Guid(57509892134121f4980fd3634278a0fe) Importer(815301076,1909f56bfc062723c751e8b465ee728b)
Start importing Assets/MoveMotionPack/Res/AnimationFBX/Root/Materials/癒몃━.mat using Guid(57509892134121f4980fd3634278a0fe) Importer(815301076,1909f56bfc062723c751e8b465ee728b)  -> (artifact id: 'eada41efe628da60742f7add6f7913c2') in 0.014566 seconds 
========================================================================
Received Import Request.
  Time since last request: 0.000031 seconds.
  path: Assets/MoveMotionPack/SampleScene/CharacterFBX/Teddy/Model/Teddy.fbx
  artifactKey: Guid(b7e10e6faa72e074888c402c5a76cf81) Importer(815301076,1909f56bfc062723c751e8b465ee728b)
Start importing Assets/MoveMotionPack/SampleScene/CharacterFBX/Teddy/Model/Teddy.fbx using Guid(b7e10e6faa72e074888c402c5a76cf81) Importer(815301076,1909f56bfc062723c751e8b465ee728b)  -> (artifact id: 'eb808c90262c91e93259b471490519a2') in 0.168597 seconds 
========================================================================
Received Import Request.
  Time since last request: 0.000040 seconds.
  path: Assets/MoveMotionPack/SampleScene/CharacterFBX/U_Character/Materials/U_Char_Eye_DIF.mat
  artifactKey: Guid(1df4fadf17c21d245a75f30ce214801b) Importer(815301076,1909f56bfc062723c751e8b465ee728b)
Start importing Assets/MoveMotionPack/SampleScene/CharacterFBX/U_Character/Materials/U_Char_Eye_DIF.mat using Guid(1df4fadf17c21d245a75f30ce214801b) Importer(815301076,1909f56bfc062723c751e8b465ee728b)  -> (artifact id: '67c114f0bf17a1474801535b0a2c0b55') in 0.018074 seconds 
========================================================================
Received Import Request.
  Time since last request: 0.000034 seconds.
  path: Assets/MoveMotionPack/SampleScene/CharacterFBX/Robot Kyle/Materials/Robot_Color.mat
  artifactKey: Guid(0aa851515cd3747d6b3b3e461199a2ed) Importer(815301076,1909f56bfc062723c751e8b465ee728b)
Start importing Assets/MoveMotionPack/SampleScene/CharacterFBX/Robot Kyle/Materials/Robot_Color.mat using Guid(0aa851515cd3747d6b3b3e461199a2ed) Importer(815301076,1909f56bfc062723c751e8b465ee728b)  -> (artifact id: '5cf7d3411f021bed6e97db230edcdd70') in 0.152429 seconds 
========================================================================
Received Import Request.
  Time since last request: 0.000023 seconds.
  path: Assets/MoveMotionPack/Res/AnimationFBX/Free_Walk/Basic_Run_02.FBX
  artifactKey: Guid(56996aee89ca8cf428a965ea3f1bca8b) Importer(815301076,1909f56bfc062723c751e8b465ee728b)
Start importing Assets/MoveMotionPack/Res/AnimationFBX/Free_Walk/Basic_Run_02.FBX using Guid(56996aee89ca8cf428a965ea3f1bca8b) Importer(815301076,1909f56bfc062723c751e8b465ee728b)  -> (artifact id: 'f4a74e58c5507a3767497d54b58b8275') in 0.071178 seconds 
========================================================================
Received Import Request.
  Time since last request: 0.000028 seconds.
  path: Assets/Standard Assets/Characters/ThirdPersonCharacter/Animation/HumanoidRun.fbx
  artifactKey: Guid(1cb8ed3cbba15f0479fbae54e0a963df) Importer(815301076,1909f56bfc062723c751e8b465ee728b)
Start importing Assets/Standard Assets/Characters/ThirdPersonCharacter/Animation/HumanoidRun.fbx using Guid(1cb8ed3cbba15f0479fbae54e0a963df) Importer(815301076,1909f56bfc062723c751e8b465ee728b)  -> (artifact id: '168ffef45f769eab11b54e7f5091758a') in 0.014609 seconds 
========================================================================
Received Import Request.
  Time since last request: 0.000033 seconds.
  path: Assets/Zombie/Materials/RetopoPantsUV_TXTR.mat
  artifactKey: Guid(69f7719c2bd8a6540bb130ebffc99fcd) Importer(815301076,1909f56bfc062723c751e8b465ee728b)
Start importing Assets/Zombie/Materials/RetopoPantsUV_TXTR.mat using Guid(69f7719c2bd8a6540bb130ebffc99fcd) Importer(815301076,1909f56bfc062723c751e8b465ee728b)  -> (artifact id: 'fc24be5190f6efedbb21be0056299b60') in 0.102890 seconds 
========================================================================
Received Import Request.
  Time since last request: 0.000023 seconds.
  path: Assets/MoveMotionPack/Res/AnimationFBX/Root/Materials/No Name.mat
  artifactKey: Guid(cad67bdc2fee201448e86f62619a199a) Importer(815301076,1909f56bfc062723c751e8b465ee728b)
Start importing Assets/MoveMotionPack/Res/AnimationFBX/Root/Materials/No Name.mat using Guid(cad67bdc2fee201448e86f62619a199a) Importer(815301076,1909f56bfc062723c751e8b465ee728b)  -> (artifact id: '4d26ed360a1f2edd29251a58cb9301e1') in 0.014408 seconds 
========================================================================
Received Import Request.
  Time since last request: 0.000023 seconds.
  path: Assets/Standard Assets/Characters/RollerBall/Materials/RollerBallGrey.mat
  artifactKey: Guid(6fd099d339b4ae34692c8258e4f87531) Importer(815301076,1909f56bfc062723c751e8b465ee728b)
Start importing Assets/Standard Assets/Characters/RollerBall/Materials/RollerBallGrey.mat using Guid(6fd099d339b4ae34692c8258e4f87531) Importer(815301076,1909f56bfc062723c751e8b465ee728b)  -> (artifact id: '4b35f1b858445a83b0e96fef6c700729') in 0.218226 seconds 
========================================================================
Received Import Request.
  Time since last request: 0.000024 seconds.
  path: Assets/MoveMotionPack/SampleScene/CharacterFBX/U_Character/Materials/U_Character_Head-DIF.mat
  artifactKey: Guid(7901945ba2c708a418dd8cfcdc585ba8) Importer(815301076,1909f56bfc062723c751e8b465ee728b)
Start importing Assets/MoveMotionPack/SampleScene/CharacterFBX/U_Character/Materials/U_Character_Head-DIF.mat using Guid(7901945ba2c708a418dd8cfcdc585ba8) Importer(815301076,1909f56bfc062723c751e8b465ee728b)  -> (artifact id: '05471723196362d395ae4a2739dc8766') in 0.026407 seconds 
========================================================================
Received Import Request.
  Time since last request: 0.000045 seconds.
  path: Assets/Standard Assets/Characters/ThirdPersonCharacter/Animation/HumanoidMidAir.fbx
  artifactKey: Guid(f03e10c73f30b4ab4aa8ea8f1cc16d36) Importer(815301076,1909f56bfc062723c751e8b465ee728b)
Start importing Assets/Standard Assets/Characters/ThirdPersonCharacter/Animation/HumanoidMidAir.fbx using Guid(f03e10c73f30b4ab4aa8ea8f1cc16d36) Importer(815301076,1909f56bfc062723c751e8b465ee728b)  -> (artifact id: '849dc1d5dfca3077d59b0c4f65f5e8ba') in 0.018508 seconds 
========================================================================
Received Import Request.
  Time since last request: 0.000023 seconds.
  path: Assets/Zombie/Materials/material.002.mat
  artifactKey: Guid(cea1ddb23a509a744b1e84cdbe208b1b) Importer(815301076,1909f56bfc062723c751e8b465ee728b)
Start importing Assets/Zombie/Materials/material.002.mat using Guid(cea1ddb23a509a744b1e84cdbe208b1b) Importer(815301076,1909f56bfc062723c751e8b465ee728b)  -> (artifact id: '129cbdeb0779317a0672e759af69a582') in 0.013308 seconds 
========================================================================
Received Import Request.
  Time since last request: 0.000023 seconds.
  path: Assets/Standard Assets/Characters/ThirdPersonCharacter/Animation/HumanoidWalk.fbx
  artifactKey: Guid(b1a5e04ae51004842aba06704a6c2903) Importer(815301076,1909f56bfc062723c751e8b465ee728b)
Start importing Assets/Standard Assets/Characters/ThirdPersonCharacter/Animation/HumanoidWalk.fbx using Guid(b1a5e04ae51004842aba06704a6c2903) Importer(815301076,1909f56bfc062723c751e8b465ee728b)  -> (artifact id: 'a69eff78c03d5cfcbcce4fa458a25e16') in 0.014114 seconds 
========================================================================
Received Import Request.
  Time since last request: 0.000036 seconds.
  path: Assets/Zombie/Materials/ZombieHQ_material_AlbedoTransparency.mat
  artifactKey: Guid(11deda9a2ce04bf47a65f12b3fe4f41a) Importer(815301076,1909f56bfc062723c751e8b465ee728b)
Start importing Assets/Zombie/Materials/ZombieHQ_material_AlbedoTransparency.mat using Guid(11deda9a2ce04bf47a65f12b3fe4f41a) Importer(815301076,1909f56bfc062723c751e8b465ee728b)  -> (artifact id: '021f158347e1d1dd5630ba923f833f2b') in 0.203228 seconds 
========================================================================
Received Import Request.
  Time since last request: 0.000023 seconds.
  path: Assets/Standard Assets/Characters/ThirdPersonCharacter/Models/Ethan.fbx
  artifactKey: Guid(b235179bd2a63d1468dd430670338c55) Importer(815301076,1909f56bfc062723c751e8b465ee728b)
Start importing Assets/Standard Assets/Characters/ThirdPersonCharacter/Models/Ethan.fbx using Guid(b235179bd2a63d1468dd430670338c55) Importer(815301076,1909f56bfc062723c751e8b465ee728b)  -> (artifact id: '11546148a6c71d7b6a534413fa09a1f8') in 0.370544 seconds 
========================================================================
Received Import Request.
  Time since last request: 0.000031 seconds.
  path: Assets/Standard Assets/Characters/ThirdPersonCharacter/Animation/HumanoidWalkTurn.fbx
  artifactKey: Guid(1c52c953c83c2254a9fa72d50250f028) Importer(815301076,1909f56bfc062723c751e8b465ee728b)
Start importing Assets/Standard Assets/Characters/ThirdPersonCharacter/Animation/HumanoidWalkTurn.fbx using Guid(1c52c953c83c2254a9fa72d50250f028) Importer(815301076,1909f56bfc062723c751e8b465ee728b)  -> (artifact id: '91871e1df08493136fc02fe49f3f870c') in 0.015187 seconds 
========================================================================
Received Import Request.
  Time since last request: 0.000022 seconds.
  path: Assets/Zombie/Materials/material.003.mat
  artifactKey: Guid(d56403f38c9dac8488e18148e65a9df1) Importer(815301076,1909f56bfc062723c751e8b465ee728b)
Start importing Assets/Zombie/Materials/material.003.mat using Guid(d56403f38c9dac8488e18148e65a9df1) Importer(815301076,1909f56bfc062723c751e8b465ee728b)  -> (artifact id: '69d80764d997cdc98179c9b8ce6fea46') in 0.016881 seconds 
========================================================================
Received Import Request.
  Time since last request: 0.000016 seconds.
  path: Assets/MoveMotionPack/Res/AnimationFBX/Root/Basic_Run_02_Root.FBX
  artifactKey: Guid(9529e9bfe7648ef40a7ca3ac43a58f4a) Importer(815301076,1909f56bfc062723c751e8b465ee728b)
Start importing Assets/MoveMotionPack/Res/AnimationFBX/Root/Basic_Run_02_Root.FBX using Guid(9529e9bfe7648ef40a7ca3ac43a58f4a) Importer(815301076,1909f56bfc062723c751e8b465ee728b)  -> (artifact id: 'ed9f55a0f0fd4f2fc05501c8ddc98ef9') in 0.073816 seconds 
========================================================================
Received Import Request.
  Time since last request: 0.000023 seconds.
  path: Assets/MoveMotionPack/SampleScene/CharacterFBX/Teddy2/Model/TeddyBear.fbx
  artifactKey: Guid(8c20c380af461574f99424a22acd34c1) Importer(815301076,1909f56bfc062723c751e8b465ee728b)
Start importing Assets/MoveMotionPack/SampleScene/CharacterFBX/Teddy2/Model/TeddyBear.fbx using Guid(8c20c380af461574f99424a22acd34c1) Importer(815301076,1909f56bfc062723c751e8b465ee728b)  -> (artifact id: '1fdc967361ced2335fafcf61db3d6043') in 0.027243 seconds 
========================================================================
Received Import Request.
  Time since last request: 0.000019 seconds.
  path: Assets/MoveMotionPack/SampleScene/CharacterFBX/Teddy/Materials/Teddy_Eye.mat
  artifactKey: Guid(34604f31e7357c640bccb727ace0f411) Importer(815301076,1909f56bfc062723c751e8b465ee728b)
Start importing Assets/MoveMotionPack/SampleScene/CharacterFBX/Teddy/Materials/Teddy_Eye.mat using Guid(34604f31e7357c640bccb727ace0f411) Importer(815301076,1909f56bfc062723c751e8b465ee728b)  -> (artifact id: '08acfceaed520eb056d532e10d82403c') in 0.014373 seconds 
========================================================================
Received Import Request.
  Time since last request: 0.000016 seconds.
  path: Assets/MoveMotionPack/Res/AnimationFBX/Root/Materials/머리.mat
  artifactKey: Guid(2e6b35d2dd022a54392a4e39b1fa307b) Importer(815301076,1909f56bfc062723c751e8b465ee728b)
Start importing Assets/MoveMotionPack/Res/AnimationFBX/Root/Materials/머리.mat using Guid(2e6b35d2dd022a54392a4e39b1fa307b) Importer(815301076,1909f56bfc062723c751e8b465ee728b)  -> (artifact id: '5910f2b5c95537cb852fd058858b2f11') in 0.014321 seconds 
========================================================================
Received Import Request.
  Time since last request: 0.000027 seconds.
  path: Assets/Standard Assets/Characters/ThirdPersonCharacter/Animation/HumanoidCrouch.fbx
  artifactKey: Guid(d89ea37480b6d75458aa38843e9688dc) Importer(815301076,1909f56bfc062723c751e8b465ee728b)
Start importing Assets/Standard Assets/Characters/ThirdPersonCharacter/Animation/HumanoidCrouch.fbx using Guid(d89ea37480b6d75458aa38843e9688dc) Importer(815301076,1909f56bfc062723c751e8b465ee728b)  -> (artifact id: 'd49aa853231f9f23701cbe716ce97eb9') in 0.022114 seconds 
========================================================================
Received Import Request.
  Time since last request: 0.000076 seconds.
  path: Assets/Zombie/Materials/material.001.mat
  artifactKey: Guid(4f7dd35b97b0ca8498b0839be5ef4ca6) Importer(815301076,1909f56bfc062723c751e8b465ee728b)
Start importing Assets/Zombie/Materials/material.001.mat using Guid(4f7dd35b97b0ca8498b0839be5ef4ca6) Importer(815301076,1909f56bfc062723c751e8b465ee728b)  -> (artifact id: 'e006a9d7157e135cb5ca2af2016bcd87') in 0.252095 seconds 
========================================================================
Received Import Request.
  Time since last request: 0.000040 seconds.
  path: Assets/MoveMotionPack/SampleScene/CharacterFBX/U_Character/Materials/U_Character_Body-DIF.mat
  artifactKey: Guid(67f217eeebe9dc944a3c59ba03d4427b) Importer(815301076,1909f56bfc062723c751e8b465ee728b)
Start importing Assets/MoveMotionPack/SampleScene/CharacterFBX/U_Character/Materials/U_Character_Body-DIF.mat using Guid(67f217eeebe9dc944a3c59ba03d4427b) Importer(815301076,1909f56bfc062723c751e8b465ee728b)  -> (artifact id: 'f6b0c25826b060f0c2d751caa0ef9748') in 0.018350 seconds 
========================================================================
Received Import Request.
  Time since last request: 0.000030 seconds.
  path: Assets/Materiales/Zombi.mat
  artifactKey: Guid(334efcb5d69756247b1252f685b0b2ab) Importer(815301076,1909f56bfc062723c751e8b465ee728b)
Start importing Assets/Materiales/Zombi.mat using Guid(334efcb5d69756247b1252f685b0b2ab) Importer(815301076,1909f56bfc062723c751e8b465ee728b)  -> (artifact id: '35e1f75c85446d6d0d3e78e159b69d94') in 0.013634 seconds 
========================================================================
Received Import Request.
  Time since last request: 0.000029 seconds.
  path: Assets/MoveMotionPack/Res/AnimationFBX/Root/Basic_Run_03_Root.FBX
  artifactKey: Guid(9258809db1928d94d8adbc8a1115b6fa) Importer(815301076,1909f56bfc062723c751e8b465ee728b)
Start importing Assets/MoveMotionPack/Res/AnimationFBX/Root/Basic_Run_03_Root.FBX using Guid(9258809db1928d94d8adbc8a1115b6fa) Importer(815301076,1909f56bfc062723c751e8b465ee728b)  -> (artifact id: '082b54921beda5febf2679a28ed7cfe1') in 0.072599 seconds 
========================================================================
Received Import Request.
  Time since last request: 0.000027 seconds.
  path: Assets/Materiales/Piso.mat
  artifactKey: Guid(593345443a102624cb3338a8c8c79ae2) Importer(815301076,1909f56bfc062723c751e8b465ee728b)
Start importing Assets/Materiales/Piso.mat using Guid(593345443a102624cb3338a8c8c79ae2) Importer(815301076,1909f56bfc062723c751e8b465ee728b)  -> (artifact id: '35a26221ab36df1b4e84e5086ba4edf1') in 0.014803 seconds 
========================================================================
Received Import Request.
  Time since last request: 0.000021 seconds.
  path: Assets/MoveMotionPack/Res/AnimationFBX/Root/Materials/_곸껜.mat
  artifactKey: Guid(446dd02e76125ce47867dcde221e5f3a) Importer(815301076,1909f56bfc062723c751e8b465ee728b)
Start importing Assets/MoveMotionPack/Res/AnimationFBX/Root/Materials/_곸껜.mat using Guid(446dd02e76125ce47867dcde221e5f3a) Importer(815301076,1909f56bfc062723c751e8b465ee728b)  -> (artifact id: '45559d57caca1a2e9018d46707966dc7') in 0.015545 seconds 
========================================================================
Received Import Request.
  Time since last request: 6.268814 seconds.
  path: Assets/Zombie/ZombieHQ_material1_SpecularSmoothness.png
  artifactKey: Guid(7162887a63702284c8edbf5fb6453dc1) Importer(815301076,1909f56bfc062723c751e8b465ee728b)
Start importing Assets/Zombie/ZombieHQ_material1_SpecularSmoothness.png using Guid(7162887a63702284c8edbf5fb6453dc1) Importer(815301076,1909f56bfc062723c751e8b465ee728b)  -> (artifact id: '4c8a1144c06f2eb00f6a3d5c7d418bb3') in 0.033390 seconds 
========================================================================
Received Import Request.
  Time since last request: 0.000026 seconds.
  path: Assets/Zombie/ZombieHQ_material4_Normal.png
  artifactKey: Guid(695a1ea4055ea724a9fe6f586b6f8b8f) Importer(815301076,1909f56bfc062723c751e8b465ee728b)
Start importing Assets/Zombie/ZombieHQ_material4_Normal.png using Guid(695a1ea4055ea724a9fe6f586b6f8b8f) Importer(815301076,1909f56bfc062723c751e8b465ee728b)  -> (artifact id: '3f2929268a789749728ab3403db29d47') in 0.023706 seconds 
========================================================================
Received Import Request.
  Time since last request: 0.000034 seconds.
  path: Assets/Zombie/ZombieHQ_material4_SpecularSmoothness.png
  artifactKey: Guid(93d91a99518976e46972d16af5434ebf) Importer(815301076,1909f56bfc062723c751e8b465ee728b)
Start importing Assets/Zombie/ZombieHQ_material4_SpecularSmoothness.png using Guid(93d91a99518976e46972d16af5434ebf) Importer(815301076,1909f56bfc062723c751e8b465ee728b)  -> (artifact id: '297573769e06a1979af08d2180ab709d') in 0.028906 seconds 
========================================================================
Received Import Request.
  Time since last request: 0.000032 seconds.
  path: Assets/Zombie/ZombieHQ_material2_SpecularSmoothness.png
  artifactKey: Guid(e863a9f88e0d66340a36588dc183895c) Importer(815301076,1909f56bfc062723c751e8b465ee728b)
Start importing Assets/Zombie/ZombieHQ_material2_SpecularSmoothness.png using Guid(e863a9f88e0d66340a36588dc183895c) Importer(815301076,1909f56bfc062723c751e8b465ee728b)  -> (artifact id: 'be12aec9acca8da834dadfa24aae3feb') in 0.027666 seconds 
========================================================================
Received Import Request.
  Time since last request: 0.000028 seconds.
  path: Assets/Zombie/ZombieHQ_material4_Ambient.png
  artifactKey: Guid(c69d72f6d7d8ce441bf3c62474f67ee0) Importer(815301076,1909f56bfc062723c751e8b465ee728b)
Start importing Assets/Zombie/ZombieHQ_material4_Ambient.png using Guid(c69d72f6d7d8ce441bf3c62474f67ee0) Importer(815301076,1909f56bfc062723c751e8b465ee728b)  -> (artifact id: '41b611447c4c1a4fdbcf7238a8f7b1ac') in 0.024717 seconds 
========================================================================
Received Import Request.
  Time since last request: 0.000028 seconds.
  path: Assets/Zombie/ZombieRig.prefab
  artifactKey: Guid(016e7bf62a334b6408f97e97b5e49ec7) Importer(815301076,1909f56bfc062723c751e8b465ee728b)
Start importing Assets/Zombie/ZombieRig.prefab using Guid(016e7bf62a334b6408f97e97b5e49ec7) Importer(815301076,1909f56bfc062723c751e8b465ee728b)  -> (artifact id: 'bbab8908459bf3f18207da236e0aa1c4') in 0.046266 seconds 
========================================================================
Received Import Request.
  Time since last request: 0.000042 seconds.
  path: Assets/Zombie/ZombieHQ_material3_SpecularSmoothness.png
  artifactKey: Guid(620a5d36ab23ed4469b5dd0130cc476b) Importer(815301076,1909f56bfc062723c751e8b465ee728b)
Start importing Assets/Zombie/ZombieHQ_material3_SpecularSmoothness.png using Guid(620a5d36ab23ed4469b5dd0130cc476b) Importer(815301076,1909f56bfc062723c751e8b465ee728b)  -> (artifact id: '3e24f53e62dcef4cf0501ecd18708350') in 0.023622 seconds 
========================================================================
Received Import Request.
  Time since last request: 0.000034 seconds.
  path: Assets/Zombie/ZombieHQ_material3_Ambient.png
  artifactKey: Guid(db7bc194c1a8ce549bee814c383f4c9a) Importer(815301076,1909f56bfc062723c751e8b465ee728b)
Start importing Assets/Zombie/ZombieHQ_material3_Ambient.png using Guid(db7bc194c1a8ce549bee814c383f4c9a) Importer(815301076,1909f56bfc062723c751e8b465ee728b)  -> (artifact id: '5f9da415f6b699804a10b79435101a3b') in 0.024613 seconds 
Editor requested this worker to shutdown with reason: Scaling down because of idle timeout
AssetImportWorker is now disconnected from the server
Process exiting
Exiting without the bug reporter. Application will terminate with return code 0